[12:33:51] [main/INFO] (FabricLoader/GameProvider) Loading Minecraft 1.19 with Fabric Loader 0.14.8
[12:33:51] [main/INFO] (FabricLoader) Loading 43 mods:
	- apecraft 0.1
	- fabric 0.56.0+1.19
	- fabric-api-base 0.4.9+e62f51a3a9
	- fabric-api-lookup-api-v1 1.6.7+9ff28f40a9
	- fabric-biome-api-v1 9.0.13+b2a4a624a9
	- fabric-blockrenderlayer-v1 1.1.18+9ff28f40a9
	- fabric-command-api-v2 2.1.1+cda9839ba9
	- fabric-content-registries-v0 3.1.0+4a3ec384a9
	- fabric-convention-tags-v1 1.0.8+37622d24a9
	- fabric-crash-report-info-v1 0.2.3+bd0a0d4aa9
	- fabric-data-generation-api-v1 5.0.1+2a5b9210a9
	- fabric-dimensions-v1 2.1.27+72da3b3da9
	- fabric-entity-events-v1 1.4.16+9ff28f40a9
	- fabric-events-interaction-v0 0.4.26+9ff28f40a9
	- fabric-game-rule-api-v1 1.0.19+18990361a9
	- fabric-gametest-api-v1 1.0.30+e62f51a3a9
	- fabric-item-api-v1 1.5.4+767db26ea9
	- fabric-item-groups-v0 0.3.23+9ff28f40a9
	- fabric-key-binding-api-v1 1.0.18+9ff28f40a9
	- fabric-lifecycle-events-v1 2.1.0+33fbc738a9
	- fabric-loot-api-v2 1.0.1+9e7660c6a9
	- fabric-message-api-v1 1.0.1+513f4a59a9
	- fabric-mining-level-api-v1 2.1.8+33fbc738a9
	- fabric-models-v0 0.3.15+9ff28f40a9
	- fabric-networking-api-v1 1.0.27+7fe97409a9
	- fabric-object-builder-api-v1 4.0.5+9ff28f40a9
	- fabric-particles-v1 1.0.8+dc39553aa9
	- fabric-registry-sync-v0 0.9.16+92cf9a3ea9
	- fabric-renderer-api-v1 1.0.8+9ff28f40a9
	- fabric-renderer-indigo 0.6.6+9ff28f40a9
	- fabric-rendering-data-attachment-v1 0.3.12+9ff28f40a9
	- fabric-rendering-fluids-v1 3.0.5+9ff28f40a9
	- fabric-rendering-v1 1.10.14+9ff28f40a9
	- fabric-resource-conditions-api-v1 2.0.9+e62f51a3a9
	- fabric-resource-loader-v0 0.5.3+9e7660c6a9
	- fabric-screen-api-v1 1.0.23+9ff28f40a9
	- fabric-screen-handler-api-v1 1.2.6+9ff28f40a9
	- fabric-textures-v0 1.0.18+9ff28f40a9
	- fabric-transfer-api-v1 2.0.9+e62f51a3a9
	- fabric-transitive-access-wideners-v1 1.1.1+9e7660c6a9
	- fabricloader 0.14.8
	- java 17
	- minecraft 1.19
[12:33:52] [main/INFO] (FabricLoader/Mixin) SpongePowered MIXIN Subsystem Version=0.8.5 Source=file:/home/thomas/.gradle/caches/modules-2/files-2.1/net.fabricmc/sponge-mixin/0.11.4+mixin.0.8.5/c1dc27696aa4006e492c2485c9ccbcb26045a971/sponge-mixin-0.11.4+mixin.0.8.5.jar Service=Knot/Fabric Env=CLIENT
[12:33:52] [main/INFO] (FabricLoader/Mixin) Loaded Fabric development mappings for mixin remapper!
[12:33:52] [main/INFO] (FabricLoader/Mixin) Compatibility level set to JAVA_16
[12:33:52] [main/INFO] (FabricLoader/Mixin) Compatibility level set to JAVA_17
[12:33:53] [main/WARN] (FileUtil) Configuration conflict: there is more than one oshi.properties file on the classpath
[12:33:53] [main/WARN] (FileUtil) Configuration conflict: there is more than one oshi.architecture.properties file on the classpath
[12:33:56] [main/INFO] (Minecraft) Building optimized datafixer
[12:33:58] [main/WARN] (FabricLoader/Mixin) @Final field erosionParameters:[Lnet/minecraft/world/biome/source/util/MultiNoiseUtil$ParameterRange; in modid.mixins.json:ModBiomeParameters from mod apecraft should be final
[12:33:58] [main/WARN] (FabricLoader/Mixin) @Final field defaultParameter:Lnet/minecraft/world/biome/source/util/MultiNoiseUtil$ParameterRange; in modid.mixins.json:ModBiomeParameters from mod apecraft should be final
[12:34:00] [Render thread/INFO] (Minecraft) Environment: authHost='https://authserver.mojang.com', accountsHost='https://api.mojang.com', sessionHost='https://sessionserver.mojang.com', servicesHost='https://api.minecraftservices.com', name='PROD'
[12:34:01] [Render thread/ERROR] (Minecraft) Failed to verify authentication
com.mojang.authlib.exceptions.InvalidCredentialsException: Status: 401
	at com.mojang.authlib.exceptions.MinecraftClientHttpException.toAuthenticationException(MinecraftClientHttpException.java:56) ~[authlib-3.5.41.jar:?]
	at com.mojang.authlib.yggdrasil.YggdrasilUserApiService.fetchProperties(YggdrasilUserApiService.java:140) ~[authlib-3.5.41.jar:?]
	at com.mojang.authlib.yggdrasil.YggdrasilUserApiService.<init>(YggdrasilUserApiService.java:47) ~[authlib-3.5.41.jar:?]
	at com.mojang.authlib.yggdrasil.YggdrasilAuthenticationService.createUserApiService(YggdrasilAuthenticationService.java:158) ~[authlib-3.5.41.jar:?]
	at net.minecraft.client.MinecraftClient.createUserApiService(MinecraftClient.java:677) [minecraft-project-@-merged-named.jar:?]
	at net.minecraft.client.MinecraftClient.<init>(MinecraftClient.java:415) [minecraft-project-@-merged-named.jar:?]
	at net.minecraft.client.main.Main.main(Main.java:198) [minecraft-project-@-merged-named.jar:?]
	at net.fabricmc.loader.impl.game.minecraft.MinecraftGameProvider.launch(MinecraftGameProvider.java:461) [fabric-loader-0.14.8.jar:?]
	at net.fabricmc.loader.impl.launch.knot.Knot.launch(Knot.java:74) [fabric-loader-0.14.8.jar:?]
	at net.fabricmc.loader.impl.launch.knot.KnotClient.main(KnotClient.java:23) [fabric-loader-0.14.8.jar:?]
	at net.fabricmc.devlaunchinjector.Main.main(Main.java:86) [dev-launch-injector-0.2.1+build.8.jar:?]
Caused by: com.mojang.authlib.exceptions.MinecraftClientHttpException: Status: 401
	at com.mojang.authlib.minecraft.client.MinecraftClient.readInputStream(MinecraftClient.java:85) ~[authlib-3.5.41.jar:?]
	at com.mojang.authlib.minecraft.client.MinecraftClient.get(MinecraftClient.java:48) ~[authlib-3.5.41.jar:?]
	at com.mojang.authlib.yggdrasil.YggdrasilUserApiService.fetchProperties(YggdrasilUserApiService.java:121) ~[authlib-3.5.41.jar:?]
	... 9 more
[12:34:01] [Render thread/INFO] (Minecraft) Setting user: Player837
[12:34:01] [Render thread/ERROR] (Minecraft) Adding duplicate key 'ResourceKey[minecraft:worldgen/biome / apecraft:redwood]' to registry
[12:34:01] [Render thread/INFO] (Indigo) [Indigo] Registering Indigo renderer!
[12:34:02] [Render thread/INFO] (Minecraft) Backend library: LWJGL version 3.3.1 SNAPSHOT
[12:34:04] [Render thread/WARN] (Minecraft) ERROR : Couldn't load Narrator library
java.lang.UnsatisfiedLinkError: libflite.so.1: cannot open shared object file: No such file or directory
	at com.sun.jna.Native.open(Native Method) ~[jna-5.10.0.jar:?]
	at com.sun.jna.NativeLibrary.loadLibrary(NativeLibrary.java:277) ~[jna-5.10.0.jar:?]
	at com.sun.jna.NativeLibrary.getInstance(NativeLibrary.java:461) ~[jna-5.10.0.jar:?]
	at com.sun.jna.NativeLibrary.getInstance(NativeLibrary.java:403) ~[jna-5.10.0.jar:?]
	at com.mojang.text2speech.NarratorLinux.<clinit>(NarratorLinux.java:18) [text2speech-1.13.9.jar:?]
	at com.mojang.text2speech.Narrator.getNarrator(Narrator.java:21) [text2speech-1.13.9.jar:?]
	at net.minecraft.client.util.NarratorManager.<init>(NarratorManager.java:26) [minecraft-project-@-merged-named.jar:?]
	at net.minecraft.client.util.NarratorManager.<clinit>(NarratorManager.java:24) [minecraft-project-@-merged-named.jar:?]
	at net.minecraft.client.gui.hud.InGameHud.<init>(InGameHud.java:161) [minecraft-project-@-merged-named.jar:?]
	at net.minecraft.client.MinecraftClient.<init>(MinecraftClient.java:586) [minecraft-project-@-merged-named.jar:?]
	at net.minecraft.client.main.Main.main(Main.java:198) [minecraft-project-@-merged-named.jar:?]
	at net.fabricmc.loader.impl.game.minecraft.MinecraftGameProvider.launch(MinecraftGameProvider.java:461) [fabric-loader-0.14.8.jar:?]
	at net.fabricmc.loader.impl.launch.knot.Knot.launch(Knot.java:74) [fabric-loader-0.14.8.jar:?]
	at net.fabricmc.loader.impl.launch.knot.KnotClient.main(KnotClient.java:23) [fabric-loader-0.14.8.jar:?]
	at net.fabricmc.devlaunchinjector.Main.main(Main.java:86) [dev-launch-injector-0.2.1+build.8.jar:?]
[12:34:04] [Worker-Main-8/ERROR] (Minecraft) Failed to retrieve profile key pair
java.io.IOException: Could not retrieve profile key pair
	at net.minecraft.client.util.ProfileKeys.fetchKeyPair(ProfileKeys.java:112) ~[minecraft-project-@-merged-named.jar:?]
	at net.minecraft.client.util.ProfileKeys.method_44291(ProfileKeys.java:56) ~[minecraft-project-@-merged-named.jar:?]
	at java.util.concurrent.CompletableFuture$AsyncSupply.run(CompletableFuture.java:1768) [?:?]
	at java.util.concurrent.CompletableFuture$AsyncSupply.exec(CompletableFuture.java:1760) [?:?]
	at java.util.concurrent.ForkJoinTask.doExec(ForkJoinTask.java:373) [?:?]
	at java.util.concurrent.ForkJoinPool$WorkQueue.topLevelExec(ForkJoinPool.java:1182) [?:?]
	at java.util.concurrent.ForkJoinPool.scan(ForkJoinPool.java:1655) [?:?]
	at java.util.concurrent.ForkJoinPool.runWorker(ForkJoinPool.java:1622) [?:?]
	at java.util.concurrent.ForkJoinWorkerThread.run(ForkJoinWorkerThread.java:165) [?:?]
[12:34:04] [Render thread/INFO] (Minecraft) Reloading ResourceManager: Default, Fabric Mods (Fabric API, Fabric Networking API (v1), Fabric Rendering (v1), Fabric Item Groups (v0), Fabric Game Test API (v1), Fabric Lifecycle Events (v1), Fabric Resource Conditions API (v1), Fabric Rendering Fluids (v1), Fabric Data Generation API (v1), Fabric Resource Loader (v0), Fabric Key Binding API (v1), Fabric Content Registries (v0), Fabric Command API (v2), Fabric Registry Sync (v0), Fabric Particles (v1), Fabric Crash Report Info (v1), Fabric Transfer API (v1), Fabric Screen API (v1), Fabric Renderer API (v1), Fabric Entity Events (v1), Fabric Game Rule API (v1), Fabric Mining Level API (v1), Fabric Message API (v1), Fabric Object Builder API (v1), Fabric Convention Tags, Fabric BlockRenderLayer Registration (v1), Fabric API Base, Fabric Events Interaction (v0), Fabric Loader, Fabric Loot API (v2), Fabric API Lookup API (v1), Fabric Rendering Data Attachment (v1), Fabric Renderer - Indigo, Fabric Models (v0), Fabric Item API (v1), Fabric Biome API (v1), Fabric Textures (v0), Example Mod, Fabric Screen Handler API (v1), Fabric Transitive Access Wideners (v1), Fabric Dimensions API (v1))
[12:34:05] [Realms Notification Availability checker #1/INFO] (Minecraft) Could not authorize you against Realms server: Invalid session id
[12:34:07] [Worker-Main-11/WARN] (Minecraft) Unable to load model: 'minecraft:banana_branch' referenced from: apecraft:banana_branch#: java.io.FileNotFoundException: minecraft:models/banana_branch.json
[12:34:07] [Worker-Main-11/WARN] (Minecraft) Unable to load model: 'apecraft:block/redwood' referenced from: apecraft:redwood_slab#type=top,waterlogged=true: java.io.FileNotFoundException: apecraft:models/block/redwood.json
[12:34:07] [Worker-Main-11/WARN] (Minecraft) Found 'parent' loop while loading model 'minecraft:spear' in chain: apecraft:item/spear -> minecraft:spear -> minecraft:spear
[12:34:08] [Worker-Main-14/ERROR] (Minecraft) Using missing texture, file mushroompeople:textures/block/shroomstone.png not found
[12:34:08] [Worker-Main-11/WARN] (Minecraft) Texture apecraft:block/silver_block with size 14x14 limits mip level from 4 to 1
[12:34:08] [Worker-Main-11/WARN] (Minecraft) Texture apecraft:block/silver_ore with size 616x617 limits mip level from 1 to 0
[12:34:08] [Worker-Main-11/WARN] (Minecraft) minecraft:textures/atlas/blocks.png: dropping miplevel from 4 to 0, because of minimum power of two: 1
[12:34:08] [Render thread/WARN] (Minecraft) Missing sound for event: minecraft:item.goat_horn.play
[12:34:08] [Render thread/WARN] (Minecraft) Missing sound for event: minecraft:entity.goat.screaming.horn_break
[12:34:08] [Render thread/ERROR] (Minecraft) Error starting SoundSystem. Turning off sounds & music
java.lang.IllegalStateException: Failed to open OpenAL device
	at net.minecraft.client.sound.SoundEngine.openDeviceOrFallback(SoundEngine.java:284) ~[minecraft-project-@-merged-named.jar:?]
	at net.minecraft.client.sound.SoundEngine.init(SoundEngine.java:152) ~[minecraft-project-@-merged-named.jar:?]
	at net.minecraft.client.sound.SoundSystem.start(SoundSystem.java:113) ~[minecraft-project-@-merged-named.jar:?]
	at net.minecraft.client.sound.SoundSystem.reloadSounds(SoundSystem.java:103) ~[minecraft-project-@-merged-named.jar:?]
	at net.minecraft.client.sound.SoundManager.apply(SoundManager.java:112) ~[minecraft-project-@-merged-named.jar:?]
	at net.minecraft.client.sound.SoundManager.apply(SoundManager.java:38) ~[minecraft-project-@-merged-named.jar:?]
	at net.minecraft.resource.SinglePreparationResourceReloader.method_18790(SinglePreparationResourceReloader.java:13) ~[minecraft-project-@-merged-named.jar:?]
	at java.util.concurrent.CompletableFuture$UniAccept.tryFire(CompletableFuture.java:718) ~[?:?]
	at java.util.concurrent.CompletableFuture$Completion.run(CompletableFuture.java:482) ~[?:?]
	at net.minecraft.resource.SimpleResourceReload.method_18365(SimpleResourceReload.java:69) ~[minecraft-project-@-merged-named.jar:?]
	at net.minecraft.util.thread.ThreadExecutor.execute(ThreadExecutor.java:103) ~[minecraft-project-@-merged-named.jar:?]
	at net.minecraft.resource.SimpleResourceReload.method_18367(SimpleResourceReload.java:68) ~[minecraft-project-@-merged-named.jar:?]
	at java.util.concurrent.CompletableFuture$UniCompletion.claim(CompletableFuture.java:572) ~[?:?]
	at java.util.concurrent.CompletableFuture$UniAccept.tryFire(CompletableFuture.java:714) ~[?:?]
	at java.util.concurrent.CompletableFuture.postComplete(CompletableFuture.java:510) ~[?:?]
	at java.util.concurrent.CompletableFuture.postFire(CompletableFuture.java:614) ~[?:?]
	at java.util.concurrent.CompletableFuture$UniAccept.tryFire(CompletableFuture.java:726) ~[?:?]
	at java.util.concurrent.CompletableFuture$Completion.run(CompletableFuture.java:482) ~[?:?]
	at com.mojang.blaze3d.systems.RenderSystem.replayQueue(RenderSystem.java:211) [minecraft-project-@-merged-named.jar:?]
	at com.mojang.blaze3d.systems.RenderSystem.flipFrame(RenderSystem.java:198) [minecraft-project-@-merged-named.jar:?]
	at net.minecraft.client.util.Window.swapBuffers(Window.java:310) [minecraft-project-@-merged-named.jar:?]
	at net.minecraft.client.MinecraftClient.render(MinecraftClient.java:1171) [minecraft-project-@-merged-named.jar:?]
	at net.minecraft.client.MinecraftClient.run(MinecraftClient.java:734) [minecraft-project-@-merged-named.jar:?]
	at net.minecraft.client.main.Main.main(Main.java:237) [minecraft-project-@-merged-named.jar:?]
	at net.fabricmc.loader.impl.game.minecraft.MinecraftGameProvider.launch(MinecraftGameProvider.java:461) [fabric-loader-0.14.8.jar:?]
	at net.fabricmc.loader.impl.launch.knot.Knot.launch(Knot.java:74) [fabric-loader-0.14.8.jar:?]
	at net.fabricmc.loader.impl.launch.knot.KnotClient.main(KnotClient.java:23) [fabric-loader-0.14.8.jar:?]
	at net.fabricmc.devlaunchinjector.Main.main(Main.java:86) [dev-launch-injector-0.2.1+build.8.jar:?]
[12:34:09] [Render thread/INFO] (Minecraft) Created: 2048x1024x0 minecraft:textures/atlas/blocks.png-atlas
[12:34:09] [Render thread/INFO] (Minecraft) Created: 256x128x4 minecraft:textures/atlas/signs.png-atlas
[12:34:09] [Render thread/INFO] (Minecraft) Created: 1024x512x4 minecraft:textures/atlas/banner_patterns.png-atlas
[12:34:09] [Render thread/INFO] (Minecraft) Created: 1024x512x4 minecraft:textures/atlas/shield_patterns.png-atlas
[12:34:09] [Render thread/INFO] (Minecraft) Created: 256x256x4 minecraft:textures/atlas/chest.png-atlas
[12:34:09] [Render thread/INFO] (Minecraft) Created: 512x256x4 minecraft:textures/atlas/beds.png-atlas
[12:34:09] [Render thread/INFO] (Minecraft) Created: 512x256x4 minecraft:textures/atlas/shulker_boxes.png-atlas
[12:34:10] [Render thread/WARN] (Minecraft) Shader rendertype_entity_translucent_emissive could not find sampler named Sampler2 in the specified shader program.
[12:34:10] [Render thread/INFO] (Minecraft) Created: 512x256x0 minecraft:textures/atlas/particles.png-atlas
[12:34:10] [Render thread/INFO] (Minecraft) Created: 256x256x0 minecraft:textures/atlas/paintings.png-atlas
[12:34:10] [Render thread/INFO] (Minecraft) Created: 256x128x0 minecraft:textures/atlas/mob_effects.png-atlas
[12:34:18] [Render thread/ERROR] (Minecraft) Parsing error loading recipe apecraft:silver_helmet
com.google.gson.JsonSyntaxException: Unknown item 'dinocraft:silver_helmet'
	at net.minecraft.recipe.ShapedRecipe.method_17878(ShapedRecipe.java:253) ~[minecraft-project-@-merged-named.jar:?]
	at java.util.Optional.orElseThrow(Optional.java:403) ~[?:?]
	at net.minecraft.recipe.ShapedRecipe.getItem(ShapedRecipe.java:253) ~[minecraft-project-@-merged-named.jar:?]
	at net.minecraft.recipe.ShapedRecipe.outputFromJson(ShapedRecipe.java:240) ~[minecraft-project-@-merged-named.jar:?]
	at net.minecraft.recipe.ShapedRecipe$Serializer.read(ShapedRecipe.java:273) ~[minecraft-project-@-merged-named.jar:?]
	at net.minecraft.recipe.ShapedRecipe$Serializer.read(ShapedRecipe.java:260) ~[minecraft-project-@-merged-named.jar:?]
	at net.minecraft.recipe.RecipeManager.deserialize(RecipeManager.java:135) ~[minecraft-project-@-merged-named.jar:?]
	at net.minecraft.recipe.RecipeManager.apply(RecipeManager.java:56) ~[minecraft-project-@-merged-named.jar:?]
	at net.minecraft.recipe.RecipeManager.apply(RecipeManager.java:35) ~[minecraft-project-@-merged-named.jar:?]
	at net.minecraft.resource.SinglePreparationResourceReloader.method_18790(SinglePreparationResourceReloader.java:13) ~[minecraft-project-@-merged-named.jar:?]
	at java.util.concurrent.CompletableFuture$UniAccept.tryFire(CompletableFuture.java:718) ~[?:?]
	at java.util.concurrent.CompletableFuture$Completion.run(CompletableFuture.java:482) ~[?:?]
	at net.minecraft.resource.SimpleResourceReload.method_18365(SimpleResourceReload.java:69) ~[minecraft-project-@-merged-named.jar:?]
	at net.minecraft.util.thread.ThreadExecutor.executeTask(ThreadExecutor.java:157) ~[minecraft-project-@-merged-named.jar:?]
	at net.minecraft.util.thread.ReentrantThreadExecutor.executeTask(ReentrantThreadExecutor.java:23) ~[minecraft-project-@-merged-named.jar:?]
	at net.minecraft.util.thread.ThreadExecutor.runTask(ThreadExecutor.java:131) ~[minecraft-project-@-merged-named.jar:?]
	at net.minecraft.util.thread.ThreadExecutor.runTasks(ThreadExecutor.java:140) ~[minecraft-project-@-merged-named.jar:?]
	at net.minecraft.client.gui.screen.world.CreateWorldScreen.create(CreateWorldScreen.java:158) ~[minecraft-project-@-merged-named.jar:?]
	at net.minecraft.client.gui.screen.world.SelectWorldScreen.method_19944(SelectWorldScreen.java:72) ~[minecraft-project-@-merged-named.jar:?]
	at net.minecraft.client.gui.widget.ButtonWidget.onPress(ButtonWidget.java:40) ~[minecraft-project-@-merged-named.jar:?]
	at net.minecraft.client.gui.widget.PressableWidget.onClick(PressableWidget.java:16) ~[minecraft-project-@-merged-named.jar:?]
	at net.minecraft.client.gui.widget.ClickableWidget.mouseClicked(ClickableWidget.java:120) ~[minecraft-project-@-merged-named.jar:?]
	at net.minecraft.client.gui.ParentElement.mouseClicked(ParentElement.java:27) ~[minecraft-project-@-merged-named.jar:?]
	at net.minecraft.client.Mouse.method_1611(Mouse.java:94) ~[minecraft-project-@-merged-named.jar:?]
	at net.minecraft.client.gui.screen.Screen.wrapScreenError(Screen.java:491) ~[minecraft-project-@-merged-named.jar:?]
	at net.minecraft.client.Mouse.onMouseButton(Mouse.java:94) ~[minecraft-project-@-merged-named.jar:?]
	at net.minecraft.client.Mouse.method_22686(Mouse.java:165) ~[minecraft-project-@-merged-named.jar:?]
	at net.minecraft.util.thread.ThreadExecutor.execute(ThreadExecutor.java:103) ~[minecraft-project-@-merged-named.jar:?]
	at net.minecraft.client.Mouse.method_22684(Mouse.java:165) ~[minecraft-project-@-merged-named.jar:?]
	at org.lwjgl.glfw.GLFWMouseButtonCallbackI.callback(GLFWMouseButtonCallbackI.java:43) [lwjgl-glfw-3.3.1.jar:?]
	at org.lwjgl.system.JNI.invokeV(Native Method) ~[lwjgl-3.3.1.jar:?]
	at org.lwjgl.glfw.GLFW.glfwWaitEventsTimeout(GLFW.java:3474) [lwjgl-glfw-3.3.1.jar:?]
	at com.mojang.blaze3d.systems.RenderSystem.limitDisplayFPS(RenderSystem.java:222) [minecraft-project-@-merged-named.jar:?]
	at net.minecraft.client.MinecraftClient.render(MinecraftClient.java:1174) [minecraft-project-@-merged-named.jar:?]
	at net.minecraft.client.MinecraftClient.run(MinecraftClient.java:734) [minecraft-project-@-merged-named.jar:?]
	at net.minecraft.client.main.Main.main(Main.java:237) [minecraft-project-@-merged-named.jar:?]
	at net.fabricmc.loader.impl.game.minecraft.MinecraftGameProvider.launch(MinecraftGameProvider.java:461) [fabric-loader-0.14.8.jar:?]
	at net.fabricmc.loader.impl.launch.knot.Knot.launch(Knot.java:74) [fabric-loader-0.14.8.jar:?]
	at net.fabricmc.loader.impl.launch.knot.KnotClient.main(KnotClient.java:23) [fabric-loader-0.14.8.jar:?]
	at net.fabricmc.devlaunchinjector.Main.main(Main.java:86) [dev-launch-injector-0.2.1+build.8.jar:?]
[12:34:18] [Render thread/INFO] (Minecraft) Loaded 7 recipes
[12:34:19] [Render thread/INFO] (Minecraft) Loaded 1179 advancements
[12:34:23] [Render thread/INFO] (BiomeModificationImpl) Applied 2 biome modifications to 1 of 64 new biomes in 10.66 ms
[12:34:23] [Server thread/INFO] (Minecraft) Starting integrated minecraft server version 1.19
[12:34:23] [Server thread/INFO] (Minecraft) Generating keypair
[12:35:01] [Server thread/INFO] (Minecraft) Preparing start region for dimension minecraft:overworld
[12:35:03] [Render thread/INFO] (Minecraft) Preparing spawn area: 0%
[12:35:03] [Render thread/INFO] (Minecraft) Preparing spawn area: 0%
[12:35:03] [Render thread/INFO] (Minecraft) Preparing spawn area: 0%
[12:35:03] [Render thread/INFO] (Minecraft) Preparing spawn area: 0%
[12:35:03] [Render thread/INFO] (Minecraft) Preparing spawn area: 0%
[12:35:03] [Render thread/INFO] (Minecraft) Preparing spawn area: 0%
[12:35:04] [Render thread/INFO] (Minecraft) Preparing spawn area: 0%
[12:35:04] [Render thread/INFO] (Minecraft) Preparing spawn area: 0%
[12:35:05] [Render thread/INFO] (Minecraft) Preparing spawn area: 0%
[12:35:05] [Render thread/INFO] (Minecraft) Preparing spawn area: 0%
[12:35:06] [Render thread/INFO] (Minecraft) Preparing spawn area: 0%
[12:35:06] [Render thread/INFO] (Minecraft) Preparing spawn area: 0%
[12:35:07] [Render thread/INFO] (Minecraft) Preparing spawn area: 1%
[12:35:07] [Render thread/INFO] (Minecraft) Preparing spawn area: 1%
[12:35:08] [Render thread/INFO] (Minecraft) Preparing spawn area: 1%
[12:35:09] [Render thread/INFO] (Minecraft) Preparing spawn area: 2%
[12:35:09] [Render thread/INFO] (Minecraft) Preparing spawn area: 2%
[12:35:10] [Render thread/INFO] (Minecraft) Preparing spawn area: 2%
[12:35:10] [Render thread/INFO] (Minecraft) Preparing spawn area: 3%
[12:35:10] [Render thread/INFO] (Minecraft) Preparing spawn area: 3%
[12:35:11] [Render thread/INFO] (Minecraft) Preparing spawn area: 4%
[12:35:12] [Render thread/INFO] (Minecraft) Preparing spawn area: 4%
[12:35:12] [Render thread/INFO] (Minecraft) Preparing spawn area: 5%
[12:35:12] [Render thread/INFO] (Minecraft) Preparing spawn area: 6%
[12:35:13] [Render thread/INFO] (Minecraft) Preparing spawn area: 7%
[12:35:13] [Render thread/INFO] (Minecraft) Preparing spawn area: 8%
[12:35:14] [Render thread/INFO] (Minecraft) Preparing spawn area: 9%
[12:35:14] [Render thread/INFO] (Minecraft) Preparing spawn area: 9%
[12:35:15] [Render thread/INFO] (Minecraft) Preparing spawn area: 10%
[12:35:16] [Render thread/INFO] (Minecraft) Preparing spawn area: 11%
[12:35:16] [Render thread/INFO] (Minecraft) Preparing spawn area: 11%
[12:35:17] [Render thread/INFO] (Minecraft) Preparing spawn area: 12%
[12:35:17] [Render thread/INFO] (Minecraft) Preparing spawn area: 13%
[12:35:17] [Render thread/INFO] (Minecraft) Preparing spawn area: 15%
[12:35:18] [Render thread/INFO] (Minecraft) Preparing spawn area: 15%
[12:35:18] [Render thread/INFO] (Minecraft) Preparing spawn area: 16%
[12:35:19] [Render thread/INFO] (Minecraft) Preparing spawn area: 17%
[12:35:19] [Render thread/INFO] (Minecraft) Preparing spawn area: 18%
[12:35:20] [Render thread/INFO] (Minecraft) Preparing spawn area: 20%
[12:35:21] [Render thread/INFO] (Minecraft) Preparing spawn area: 21%
[12:35:21] [Render thread/INFO] (Minecraft) Preparing spawn area: 23%
[12:35:21] [Render thread/INFO] (Minecraft) Preparing spawn area: 23%
[12:35:22] [Render thread/INFO] (Minecraft) Preparing spawn area: 23%
[12:35:23] [Render thread/INFO] (Minecraft) Preparing spawn area: 24%
[12:35:23] [Render thread/INFO] (Minecraft) Preparing spawn area: 25%
[12:35:23] [Render thread/INFO] (Minecraft) Preparing spawn area: 26%
[12:35:24] [Render thread/INFO] (Minecraft) Preparing spawn area: 27%
[12:35:24] [Render thread/INFO] (Minecraft) Preparing spawn area: 28%
[12:35:25] [Render thread/INFO] (Minecraft) Preparing spawn area: 29%
[12:35:25] [Render thread/INFO] (Minecraft) Preparing spawn area: 30%
[12:35:26] [Render thread/INFO] (Minecraft) Preparing spawn area: 32%
[12:35:26] [Render thread/INFO] (Minecraft) Preparing spawn area: 32%
[12:35:27] [Render thread/INFO] (Minecraft) Preparing spawn area: 33%
[12:35:27] [Render thread/INFO] (Minecraft) Preparing spawn area: 34%
[12:35:28] [Render thread/INFO] (Minecraft) Preparing spawn area: 35%
[12:35:29] [Render thread/INFO] (Minecraft) Preparing spawn area: 36%
[12:35:29] [Render thread/INFO] (Minecraft) Preparing spawn area: 37%
[12:35:29] [Render thread/INFO] (Minecraft) Preparing spawn area: 38%
[12:35:30] [Render thread/INFO] (Minecraft) Preparing spawn area: 39%
[12:35:30] [Render thread/INFO] (Minecraft) Preparing spawn area: 41%
[12:35:31] [Render thread/INFO] (Minecraft) Preparing spawn area: 42%
[12:35:31] [Render thread/INFO] (Minecraft) Preparing spawn area: 43%
[12:35:32] [Render thread/INFO] (Minecraft) Preparing spawn area: 45%
[12:35:33] [Render thread/INFO] (Minecraft) Preparing spawn area: 45%
[12:35:33] [Render thread/INFO] (Minecraft) Preparing spawn area: 45%
[12:35:33] [Render thread/INFO] (Minecraft) Preparing spawn area: 46%
[12:35:34] [Render thread/INFO] (Minecraft) Preparing spawn area: 47%
[12:35:34] [Render thread/INFO] (Minecraft) Preparing spawn area: 49%
[12:35:35] [Render thread/INFO] (Minecraft) Preparing spawn area: 50%
[12:35:36] [Render thread/INFO] (Minecraft) Preparing spawn area: 51%
[12:35:36] [Render thread/INFO] (Minecraft) Preparing spawn area: 53%
[12:35:36] [Render thread/INFO] (Minecraft) Preparing spawn area: 54%
[12:35:37] [Render thread/INFO] (Minecraft) Preparing spawn area: 55%
[12:35:38] [Render thread/INFO] (Minecraft) Preparing spawn area: 57%
[12:35:38] [Render thread/INFO] (Minecraft) Preparing spawn area: 57%
[12:35:38] [Render thread/INFO] (Minecraft) Preparing spawn area: 58%
[12:35:39] [Render thread/INFO] (Minecraft) Preparing spawn area: 59%
[12:35:39] [Worker-Bootstrap-7/INFO] (Minecraft) 4256 Datafixer optimizations took 102806 milliseconds
[12:35:39] [Render thread/INFO] (Minecraft) Preparing spawn area: 60%
[12:35:40] [Render thread/INFO] (Minecraft) Preparing spawn area: 64%
[12:35:40] [Render thread/INFO] (Minecraft) Preparing spawn area: 67%
[12:35:41] [Render thread/INFO] (Minecraft) Preparing spawn area: 69%
[12:35:41] [Render thread/INFO] (Minecraft) Preparing spawn area: 71%
[12:35:42] [Render thread/INFO] (Minecraft) Preparing spawn area: 72%
[12:35:42] [Render thread/INFO] (Minecraft) Preparing spawn area: 76%
[12:35:43] [Render thread/INFO] (Minecraft) Preparing spawn area: 79%
[12:35:43] [Render thread/INFO] (Minecraft) Preparing spawn area: 81%
[12:35:44] [Render thread/INFO] (Minecraft) Preparing spawn area: 84%
[12:35:44] [Render thread/INFO] (Minecraft) Preparing spawn area: 85%
[12:35:45] [Render thread/INFO] (Minecraft) Preparing spawn area: 88%
[12:35:45] [Render thread/INFO] (Minecraft) Preparing spawn area: 90%
[12:35:46] [Render thread/INFO] (Minecraft) Preparing spawn area: 93%
[12:35:46] [Render thread/INFO] (Minecraft) Preparing spawn area: 97%
[12:35:47] [Render thread/INFO] (Minecraft) Time elapsed: 45878 ms
[12:35:47] [Server thread/INFO] (Minecraft) Changing view distance to 12, from 10
[12:35:47] [Server thread/INFO] (Minecraft) Changing simulation distance to 12, from 0
[12:35:47] [Server thread/INFO] (Minecraft) Player837[local:E:9c86b5e2] logged in with entity id 139 at (8.5, 69.0, -19.5)
[12:35:47] [Server thread/INFO] (Minecraft) Player837 joined the game
[12:35:49] [Render thread/INFO] (Minecraft) Loaded 0 advancements
[12:35:50] [Server thread/INFO] (Minecraft) Saving and pausing game...
[12:35:51] [Server thread/INFO] (Minecraft) Saving chunks for level 'ServerLevel[New World]'/minecraft:overworld
[12:35:52] [Server thread/INFO] (Minecraft) Saving chunks for level 'ServerLevel[New World]'/minecraft:the_end
[12:35:52] [Server thread/INFO] (Minecraft) Saving chunks for level 'ServerLevel[New World]'/minecraft:the_nether
[12:36:08] [Render thread/INFO] (Minecraft) [CHAT] The nearest apecraft:redwood is at [-312, 69, -404] (499 blocks away)
[12:36:09] [Server thread/INFO] (Minecraft) [Player837: Teleported Player837 to -311.500000, 69.000000, -403.500000]
[12:36:09] [Render thread/INFO] (Minecraft) [CHAT] Teleported Player837 to -311.500000, 69.000000, -403.500000
[12:36:45] [Render thread/INFO] (Minecraft) [CHAT] Saved screenshot as 2022-08-13_12.36.44.png
[12:37:26] [Server thread/INFO] (Minecraft) [Player837: Set own game mode to Survival Mode]
[12:37:26] [Render thread/INFO] (Minecraft) [CHAT] Set own game mode to Survival Mode
[12:37:35] [Server thread/INFO] (Minecraft) [Player837: Set own game mode to Creative Mode]
[12:37:35] [Render thread/INFO] (Minecraft) [CHAT] Set own game mode to Creative Mode
[12:37:37] [Render thread/INFO] (Minecraft) Loaded 17 advancements
[12:37:39] [Server thread/INFO] (Minecraft) [Player837: Set own game mode to Survival Mode]
[12:37:39] [Render thread/INFO] (Minecraft) [CHAT] Set own game mode to Survival Mode
[12:37:47] [Render thread/INFO] (Minecraft) [CHAT] Saved screenshot as 2022-08-13_12.37.47.png
[12:51:24] [Server thread/INFO] (Minecraft) [Player837: Set own game mode to Creative Mode]
[12:51:24] [Render thread/INFO] (Minecraft) [CHAT] Set own game mode to Creative Mode
[12:52:01] [Server thread/INFO] (Minecraft) [Player837: Set the time to 1000]
[12:52:01] [Render thread/INFO] (Minecraft) [CHAT] Set the time to 1000
[12:52:52] [Server thread/INFO] (Minecraft) Saving and pausing game...
[12:52:52] [Server thread/INFO] (Minecraft) Saving chunks for level 'ServerLevel[New World]'/minecraft:overworld
[12:52:52] [Server thread/INFO] (Minecraft) Saving chunks for level 'ServerLevel[New World]'/minecraft:the_end
[12:52:52] [Server thread/INFO] (Minecraft) Saving chunks for level 'ServerLevel[New World]'/minecraft:the_nether
[13:46:34] [Server thread/INFO] (Minecraft) Saving and pausing game...
[13:46:34] [Server thread/INFO] (Minecraft) Saving chunks for level 'ServerLevel[New World]'/minecraft:overworld
[13:46:35] [Server thread/INFO] (Minecraft) Saving chunks for level 'ServerLevel[New World]'/minecraft:the_end
[13:46:35] [Server thread/INFO] (Minecraft) Saving chunks for level 'ServerLevel[New World]'/minecraft:the_nether
[13:46:36] [Server thread/INFO] (Minecraft) Saving and pausing game...
[13:46:36] [Server thread/INFO] (Minecraft) Saving chunks for level 'ServerLevel[New World]'/minecraft:overworld
[13:46:36] [Server thread/INFO] (Minecraft) Saving chunks for level 'ServerLevel[New World]'/minecraft:the_end
[13:46:36] [Server thread/INFO] (Minecraft) Saving chunks for level 'ServerLevel[New World]'/minecraft:the_nether
[13:46:40] [Server thread/INFO] (Minecraft) Saving and pausing game...
[13:46:40] [Server thread/INFO] (Minecraft) Saving chunks for level 'ServerLevel[New World]'/minecraft:overworld
[13:46:40] [Server thread/INFO] (Minecraft) Saving chunks for level 'ServerLevel[New World]'/minecraft:the_end
[13:46:40] [Server thread/INFO] (Minecraft) Saving chunks for level 'ServerLevel[New World]'/minecraft:the_nether
[13:47:06] [Server thread/INFO] (Minecraft) Saving and pausing game...
[13:47:06] [Server thread/INFO] (Minecraft) Saving chunks for level 'ServerLevel[New World]'/minecraft:overworld
[13:47:06] [Server thread/INFO] (Minecraft) Saving chunks for level 'ServerLevel[New World]'/minecraft:the_end
[13:47:06] [Server thread/INFO] (Minecraft) Saving chunks for level 'ServerLevel[New World]'/minecraft:the_nether
[13:47:26] [Server thread/INFO] (Minecraft) Saving and pausing game...
[13:47:26] [Server thread/INFO] (Minecraft) Saving chunks for level 'ServerLevel[New World]'/minecraft:overworld
[13:47:26] [Server thread/INFO] (Minecraft) Saving chunks for level 'ServerLevel[New World]'/minecraft:the_end
[13:47:26] [Server thread/INFO] (Minecraft) Saving chunks for level 'ServerLevel[New World]'/minecraft:the_nether
[13:47:42] [Server thread/INFO] (Minecraft) Saving and pausing game...
[13:47:42] [Server thread/INFO] (Minecraft) Saving chunks for level 'ServerLevel[New World]'/minecraft:overworld
[13:47:42] [Server thread/INFO] (Minecraft) Saving chunks for level 'ServerLevel[New World]'/minecraft:the_end
[13:47:42] [Server thread/INFO] (Minecraft) Saving chunks for level 'ServerLevel[New World]'/minecraft:the_nether
[15:32:39] [Server thread/WARN] (Minecraft) Can't keep up! Is the server overloaded? Running 2680ms or 53 ticks behind
[15:33:35] [Server thread/WARN] (Minecraft) Can't keep up! Is the server overloaded? Running 2356ms or 47 ticks behind
[15:36:00] [Server thread/WARN] (Minecraft) Can't keep up! Is the server overloaded? Running 4943ms or 98 ticks behind
[15:36:30] [Server thread/WARN] (Minecraft) Can't keep up! Is the server overloaded? Running 4513ms or 90 ticks behind
[15:37:10] [Server thread/WARN] (Minecraft) Can't keep up! Is the server overloaded? Running 2437ms or 48 ticks behind
[15:45:00] [Server thread/WARN] (Minecraft) Can't keep up! Is the server overloaded? Running 6311ms or 126 ticks behind
[15:45:48] [Server thread/WARN] (Minecraft) Can't keep up! Is the server overloaded? Running 2567ms or 51 ticks behind
[15:47:41] [Server thread/WARN] (Minecraft) Can't keep up! Is the server overloaded? Running 4873ms or 97 ticks behind
[15:49:15] [Server thread/WARN] (Minecraft) Can't keep up! Is the server overloaded? Running 14717ms or 294 ticks behind
[15:50:56] [Server thread/WARN] (Minecraft) Can't keep up! Is the server overloaded? Running 2829ms or 56 ticks behind
[16:00:16] [Server thread/WARN] (Minecraft) Can't keep up! Is the server overloaded? Running 2952ms or 59 ticks behind
[16:34:00] [Server thread/WARN] (Minecraft) Can't keep up! Is the server overloaded? Running 44330ms or 886 ticks behind
[16:34:19] [Server thread/WARN] (Minecraft) Can't keep up! Is the server overloaded? Running 3173ms or 63 ticks behind
[16:35:44] [Server thread/WARN] (Minecraft) Can't keep up! Is the server overloaded? Running 4474ms or 89 ticks behind
[16:36:38] [Server thread/WARN] (Minecraft) Can't keep up! Is the server overloaded? Running 12855ms or 257 ticks behind
[16:38:27] [Server thread/WARN] (Minecraft) Can't keep up! Is the server overloaded? Running 4240ms or 84 ticks behind
[16:38:46] [Server thread/WARN] (Minecraft) Can't keep up! Is the server overloaded? Running 2950ms or 59 ticks behind
[16:39:10] [Server thread/WARN] (Minecraft) Can't keep up! Is the server overloaded? Running 5707ms or 114 ticks behind
[16:39:31] [Server thread/WARN] (Minecraft) Can't keep up! Is the server overloaded? Running 3634ms or 72 ticks behind
[16:39:49] [Server thread/WARN] (Minecraft) Can't keep up! Is the server overloaded? Running 2503ms or 50 ticks behind
[16:40:05] [Server thread/WARN] (Minecraft) Can't keep up! Is the server overloaded? Running 2251ms or 45 ticks behind
[16:40:33] [Server thread/WARN] (Minecraft) Can't keep up! Is the server overloaded? Running 6471ms or 129 ticks behind
[16:40:53] [Server thread/WARN] (Minecraft) Can't keep up! Is the server overloaded? Running 4952ms or 99 ticks behind
[16:41:24] [Server thread/WARN] (Minecraft) Can't keep up! Is the server overloaded? Running 5764ms or 115 ticks behind
[16:42:19] [Server thread/WARN] (Minecraft) Can't keep up! Is the server overloaded? Running 6388ms or 127 ticks behind
[16:42:51] [Server thread/WARN] (Minecraft) Can't keep up! Is the server overloaded? Running 3725ms or 74 ticks behind
[16:43:09] [Server thread/WARN] (Minecraft) Can't keep up! Is the server overloaded? Running 2289ms or 45 ticks behind
[16:45:32] [Server thread/WARN] (Minecraft) Can't keep up! Is the server overloaded? Running 3483ms or 69 ticks behind
[16:45:56] [Server thread/WARN] (Minecraft) Can't keep up! Is the server overloaded? Running 8554ms or 171 ticks behind
[16:46:14] [Server thread/WARN] (Minecraft) Can't keep up! Is the server overloaded? Running 2486ms or 49 ticks behind
[16:46:35] [Server thread/WARN] (Minecraft) Can't keep up! Is the server overloaded? Running 6619ms or 132 ticks behind
[16:47:19] [Server thread/WARN] (Minecraft) Can't keep up! Is the server overloaded? Running 28241ms or 564 ticks behind
[16:47:38] [Server thread/WARN] (Minecraft) Can't keep up! Is the server overloaded? Running 3547ms or 70 ticks behind
[16:48:08] [Server thread/WARN] (Minecraft) Can't keep up! Is the server overloaded? Running 15256ms or 305 ticks behind
[16:48:42] [Server thread/WARN] (Minecraft) Can't keep up! Is the server overloaded? Running 19334ms or 386 ticks behind
[16:49:14] [Server thread/WARN] (Minecraft) Can't keep up! Is the server overloaded? Running 16131ms or 322 ticks behind
[16:49:41] [Server thread/WARN] (Minecraft) Can't keep up! Is the server overloaded? Running 11060ms or 221 ticks behind
[16:50:05] [Server thread/WARN] (Minecraft) Can't keep up! Is the server overloaded? Running 10507ms or 210 ticks behind
[16:50:29] [Server thread/WARN] (Minecraft) Can't keep up! Is the server overloaded? Running 5730ms or 114 ticks behind
[16:50:46] [Server thread/WARN] (Minecraft) Can't keep up! Is the server overloaded? Running 2724ms or 54 ticks behind
[16:51:11] [Server thread/WARN] (Minecraft) Can't keep up! Is the server overloaded? Running 7655ms or 153 ticks behind
[16:51:58] [Server thread/WARN] (Minecraft) Can't keep up! Is the server overloaded? Running 7261ms or 145 ticks behind
[16:52:51] [Server thread/WARN] (Minecraft) Can't keep up! Is the server overloaded? Running 65370ms or 1307 ticks behind
[16:53:28] [Server thread/WARN] (Minecraft) Can't keep up! Is the server overloaded? Running 21437ms or 428 ticks behind
[16:53:58] [Server thread/WARN] (Minecraft) Can't keep up! Is the server overloaded? Running 13743ms or 274 ticks behind
[16:54:24] [Server thread/WARN] (Minecraft) Can't keep up! Is the server overloaded? Running 10659ms or 213 ticks behind
[16:54:54] [Server thread/WARN] (Minecraft) Can't keep up! Is the server overloaded? Running 16546ms or 330 ticks behind
[16:56:16] [Server thread/WARN] (Minecraft) Can't keep up! Is the server overloaded? Running 67047ms or 1340 ticks behind
[16:56:34] [Server thread/WARN] (Minecraft) Can't keep up! Is the server overloaded? Running 3082ms or 61 ticks behind
[16:56:55] [Server thread/WARN] (Minecraft) Can't keep up! Is the server overloaded? Running 3353ms or 67 ticks behind
[16:57:12] [Server thread/WARN] (Minecraft) Can't keep up! Is the server overloaded? Running 5132ms or 102 ticks behind
[16:57:32] [Server thread/WARN] (Minecraft) Can't keep up! Is the server overloaded? Running 2990ms or 59 ticks behind
[16:58:00] [Server thread/WARN] (Minecraft) Can't keep up! Is the server overloaded? Running 14642ms or 292 ticks behind
[16:58:26] [Server thread/WARN] (Minecraft) Can't keep up! Is the server overloaded? Running 8317ms or 166 ticks behind
[16:58:49] [Server thread/WARN] (Minecraft) Can't keep up! Is the server overloaded? Running 5915ms or 118 ticks behind
[16:59:28] [Server thread/WARN] (Minecraft) Can't keep up! Is the server overloaded? Running 26240ms or 524 ticks behind
[17:00:10] [Server thread/WARN] (Minecraft) Can't keep up! Is the server overloaded? Running 26203ms or 524 ticks behind
[17:00:31] [Server thread/WARN] (Minecraft) Can't keep up! Is the server overloaded? Running 5344ms or 106 ticks behind
[17:01:00] [Server thread/WARN] (Minecraft) Can't keep up! Is the server overloaded? Running 11048ms or 220 ticks behind
[17:01:49] [Server thread/WARN] (Minecraft) Can't keep up! Is the server overloaded? Running 34129ms or 682 ticks behind
[17:03:11] [Server thread/WARN] (Minecraft) Can't keep up! Is the server overloaded? Running 67230ms or 1344 ticks behind
[17:03:29] [Server thread/WARN] (Minecraft) Can't keep up! Is the server overloaded? Running 2387ms or 47 ticks behind
[17:03:47] [Server thread/WARN] (Minecraft) Can't keep up! Is the server overloaded? Running 2935ms or 58 ticks behind
[17:04:19] [Server thread/WARN] (Minecraft) Can't keep up! Is the server overloaded? Running 15424ms or 308 ticks behind
[17:04:41] [Server thread/WARN] (Minecraft) Can't keep up! Is the server overloaded? Running 8082ms or 161 ticks behind
[17:05:00] [Server thread/WARN] (Minecraft) Can't keep up! Is the server overloaded? Running 3281ms or 65 ticks behind
[17:05:21] [Server thread/WARN] (Minecraft) Can't keep up! Is the server overloaded? Running 6946ms or 138 ticks behind
[17:05:43] [Server thread/WARN] (Minecraft) Can't keep up! Is the server overloaded? Running 4707ms or 94 ticks behind
[17:05:59] [Server thread/WARN] (Minecraft) Can't keep up! Is the server overloaded? Running 2927ms or 58 ticks behind
[17:06:25] [Server thread/WARN] (Minecraft) Can't keep up! Is the server overloaded? Running 9895ms or 197 ticks behind
[17:06:43] [Server thread/WARN] (Minecraft) Can't keep up! Is the server overloaded? Running 4339ms or 86 ticks behind
[17:07:11] [Server thread/WARN] (Minecraft) Can't keep up! Is the server overloaded? Running 12709ms or 254 ticks behind
[17:07:36] [Server thread/WARN] (Minecraft) Can't keep up! Is the server overloaded? Running 6434ms or 128 ticks behind
[17:07:54] [Server thread/WARN] (Minecraft) Can't keep up! Is the server overloaded? Running 2817ms or 56 ticks behind
[17:08:12] [Server thread/WARN] (Minecraft) Can't keep up! Is the server overloaded? Running 2903ms or 58 ticks behind
[17:08:38] [Server thread/WARN] (Minecraft) Can't keep up! Is the server overloaded? Running 9578ms or 191 ticks behind
[17:09:00] [Server thread/WARN] (Minecraft) Can't keep up! Is the server overloaded? Running 6006ms or 120 ticks behind
[17:09:17] [Server thread/WARN] (Minecraft) Can't keep up! Is the server overloaded? Running 3982ms or 79 ticks behind
[17:09:46] [Server thread/WARN] (Minecraft) Can't keep up! Is the server overloaded? Running 14685ms or 293 ticks behind
[17:10:13] [Server thread/WARN] (Minecraft) Can't keep up! Is the server overloaded? Running 5007ms or 100 ticks behind
[17:10:26] [Server thread/WARN] (Minecraft) Can't keep up! Is the server overloaded? Running 2223ms or 44 ticks behind
[17:10:49] [Server thread/WARN] (Minecraft) Can't keep up! Is the server overloaded? Running 6808ms or 136 ticks behind
[17:11:09] [Server thread/WARN] (Minecraft) Can't keep up! Is the server overloaded? Running 5690ms or 113 ticks behind
[17:11:29] [Server thread/WARN] (Minecraft) Can't keep up! Is the server overloaded? Running 5022ms or 100 ticks behind
[17:11:53] [Server thread/WARN] (Minecraft) Can't keep up! Is the server overloaded? Running 5487ms or 109 ticks behind
[17:12:08] [Server thread/WARN] (Minecraft) Can't keep up! Is the server overloaded? Running 3648ms or 72 ticks behind
[17:12:30] [Server thread/WARN] (Minecraft) Can't keep up! Is the server overloaded? Running 6407ms or 128 ticks behind
[17:12:50] [Server thread/WARN] (Minecraft) Can't keep up! Is the server overloaded? Running 6346ms or 126 ticks behind
[17:13:09] [Server thread/WARN] (Minecraft) Can't keep up! Is the server overloaded? Running 2018ms or 40 ticks behind
[17:13:27] [Server thread/WARN] (Minecraft) Can't keep up! Is the server overloaded? Running 3229ms or 64 ticks behind
[17:13:53] [Server thread/WARN] (Minecraft) Can't keep up! Is the server overloaded? Running 9318ms or 186 ticks behind
[17:14:12] [Server thread/WARN] (Minecraft) Can't keep up! Is the server overloaded? Running 3510ms or 70 ticks behind
[17:14:34] [Server thread/WARN] (Minecraft) Can't keep up! Is the server overloaded? Running 5865ms or 117 ticks behind
[17:14:56] [Server thread/WARN] (Minecraft) Can't keep up! Is the server overloaded? Running 3510ms or 70 ticks behind
[17:15:15] [Server thread/WARN] (Minecraft) Can't keep up! Is the server overloaded? Running 7597ms or 151 ticks behind
[17:15:35] [Server thread/WARN] (Minecraft) Can't keep up! Is the server overloaded? Running 4432ms or 88 ticks behind
[17:16:50] [Server thread/WARN] (Minecraft) Can't keep up! Is the server overloaded? Running 61494ms or 1229 ticks behind
[17:17:16] [Server thread/WARN] (Minecraft) Can't keep up! Is the server overloaded? Running 9286ms or 185 ticks behind
[17:17:59] [Server thread/WARN] (Minecraft) Can't keep up! Is the server overloaded? Running 28385ms or 567 ticks behind
[17:18:18] [Server thread/WARN] (Minecraft) Can't keep up! Is the server overloaded? Running 3150ms or 63 ticks behind
[17:18:35] [Server thread/WARN] (Minecraft) Can't keep up! Is the server overloaded? Running 2041ms or 40 ticks behind
[17:18:58] [Server thread/WARN] (Minecraft) Can't keep up! Is the server overloaded? Running 4927ms or 98 ticks behind
[17:19:17] [Server thread/WARN] (Minecraft) Can't keep up! Is the server overloaded? Running 3113ms or 62 ticks behind
[17:19:43] [Server thread/WARN] (Minecraft) Can't keep up! Is the server overloaded? Running 9146ms or 182 ticks behind
[17:20:02] [Server thread/WARN] (Minecraft) Can't keep up! Is the server overloaded? Running 4285ms or 85 ticks behind
[17:20:40] [Server thread/WARN] (Minecraft) Can't keep up! Is the server overloaded? Running 16006ms or 320 ticks behind
[17:20:56] [Server thread/WARN] (Minecraft) Can't keep up! Is the server overloaded? Running 7592ms or 151 ticks behind
[17:21:19] [Server thread/WARN] (Minecraft) Can't keep up! Is the server overloaded? Running 8919ms or 178 ticks behind
[17:21:41] [Server thread/WARN] (Minecraft) Can't keep up! Is the server overloaded? Running 6765ms or 135 ticks behind
[17:22:06] [Server thread/WARN] (Minecraft) Can't keep up! Is the server overloaded? Running 8902ms or 178 ticks behind
[17:22:24] [Server thread/WARN] (Minecraft) Can't keep up! Is the server overloaded? Running 3079ms or 61 ticks behind
[17:22:43] [Server thread/WARN] (Minecraft) Can't keep up! Is the server overloaded? Running 3639ms or 72 ticks behind
[17:23:07] [Server thread/WARN] (Minecraft) Can't keep up! Is the server overloaded? Running 5228ms or 104 ticks behind
[17:23:37] [Server thread/WARN] (Minecraft) Can't keep up! Is the server overloaded? Running 5380ms or 107 ticks behind
[17:23:47] [Server thread/WARN] (Minecraft) Can't keep up! Is the server overloaded? Running 3072ms or 61 ticks behind
[17:24:11] [Server thread/WARN] (Minecraft) Can't keep up! Is the server overloaded? Running 9600ms or 192 ticks behind
[17:24:33] [Server thread/WARN] (Minecraft) Can't keep up! Is the server overloaded? Running 4621ms or 92 ticks behind
[17:24:50] [Server thread/WARN] (Minecraft) Can't keep up! Is the server overloaded? Running 2240ms or 44 ticks behind
[17:25:20] [Server thread/WARN] (Minecraft) Can't keep up! Is the server overloaded? Running 13684ms or 273 ticks behind
[17:25:40] [Server thread/WARN] (Minecraft) Can't keep up! Is the server overloaded? Running 3722ms or 74 ticks behind
[17:25:57] [Server thread/WARN] (Minecraft) Can't keep up! Is the server overloaded? Running 3815ms or 76 ticks behind
[17:26:17] [Server thread/WARN] (Minecraft) Can't keep up! Is the server overloaded? Running 4058ms or 81 ticks behind
[17:26:37] [Server thread/WARN] (Minecraft) Can't keep up! Is the server overloaded? Running 2185ms or 43 ticks behind
[17:26:53] [Server thread/WARN] (Minecraft) Can't keep up! Is the server overloaded? Running 2538ms or 50 ticks behind
[17:27:16] [Server thread/WARN] (Minecraft) Can't keep up! Is the server overloaded? Running 8246ms or 164 ticks behind
[17:27:39] [Server thread/WARN] (Minecraft) Can't keep up! Is the server overloaded? Running 6750ms or 135 ticks behind
[17:28:00] [Server thread/WARN] (Minecraft) Can't keep up! Is the server overloaded? Running 2945ms or 58 ticks behind
[17:28:13] [Server thread/WARN] (Minecraft) Can't keep up! Is the server overloaded? Running 2457ms or 49 ticks behind
[17:28:43] [Server thread/WARN] (Minecraft) Can't keep up! Is the server overloaded? Running 5133ms or 102 ticks behind
[17:28:56] [Server thread/WARN] (Minecraft) Can't keep up! Is the server overloaded? Running 6311ms or 126 ticks behind
[17:29:18] [Server thread/WARN] (Minecraft) Can't keep up! Is the server overloaded? Running 6680ms or 133 ticks behind
[17:29:37] [Server thread/WARN] (Minecraft) Can't keep up! Is the server overloaded? Running 3366ms or 67 ticks behind
[17:29:56] [Server thread/WARN] (Minecraft) Can't keep up! Is the server overloaded? Running 3943ms or 78 ticks behind
[17:30:15] [Server thread/WARN] (Minecraft) Can't keep up! Is the server overloaded? Running 2265ms or 45 ticks behind
[17:30:36] [Server thread/WARN] (Minecraft) Can't keep up! Is the server overloaded? Running 6503ms or 130 ticks behind
[17:31:05] [Server thread/WARN] (Minecraft) Can't keep up! Is the server overloaded? Running 6927ms or 138 ticks behind
[17:31:23] [Server thread/WARN] (Minecraft) Can't keep up! Is the server overloaded? Running 9762ms or 195 ticks behind
[17:31:43] [Server thread/WARN] (Minecraft) Can't keep up! Is the server overloaded? Running 5206ms or 104 ticks behind
[17:32:03] [Server thread/WARN] (Minecraft) Can't keep up! Is the server overloaded? Running 2258ms or 45 ticks behind
[17:35:52] [Server thread/WARN] (Minecraft) Can't keep up! Is the server overloaded? Running 215530ms or 4310 ticks behind
[17:36:11] [Server thread/WARN] (Minecraft) Can't keep up! Is the server overloaded? Running 2619ms or 52 ticks behind
